mode: set
github.com/dazraf/go-api-example/main.go:27.13,41.2 7 0
github.com/dazraf/go-api-example/main.go:41.2,47.3 5 0
github.com/dazraf/go-api-example/main.go:48.2,50.21 2 0
github.com/dazraf/go-api-example/docs/docs.go:258.13,260.2 1 0
github.com/dazraf/go-api-example/handlers/users.go:19.61,23.2 1 1
github.com/dazraf/go-api-example/handlers/users.go:32.48,34.16 2 1
github.com/dazraf/go-api-example/handlers/users.go:34.16,37.3 2 0
github.com/dazraf/go-api-example/handlers/users.go:38.2,38.30 1 1
github.com/dazraf/go-api-example/handlers/users.go:50.47,53.16 3 1
github.com/dazraf/go-api-example/handlers/users.go:53.16,56.3 2 0
github.com/dazraf/go-api-example/handlers/users.go:58.2,59.16 2 1
github.com/dazraf/go-api-example/handlers/users.go:59.16,62.3 2 1
github.com/dazraf/go-api-example/handlers/users.go:64.2,64.29 1 1
github.com/dazraf/go-api-example/handlers/users.go:76.50,78.48 2 1
github.com/dazraf/go-api-example/handlers/users.go:78.48,81.3 2 0
github.com/dazraf/go-api-example/handlers/users.go:83.2,84.16 2 1
github.com/dazraf/go-api-example/handlers/users.go:84.16,87.3 2 0
github.com/dazraf/go-api-example/handlers/users.go:89.2,89.41 1 1
github.com/dazraf/go-api-example/handlers/users.go:103.50,106.16 3 1
github.com/dazraf/go-api-example/handlers/users.go:106.16,109.3 2 0
github.com/dazraf/go-api-example/handlers/users.go:111.2,112.48 2 1
github.com/dazraf/go-api-example/handlers/users.go:112.48,115.3 2 0
github.com/dazraf/go-api-example/handlers/users.go:117.2,118.16 2 1
github.com/dazraf/go-api-example/handlers/users.go:118.16,121.3 2 0
github.com/dazraf/go-api-example/handlers/users.go:123.2,123.36 1 1
github.com/dazraf/go-api-example/handlers/users.go:135.50,138.16 3 1
github.com/dazraf/go-api-example/handlers/users.go:138.16,141.3 2 0
github.com/dazraf/go-api-example/handlers/users.go:143.2,143.47 1 1
github.com/dazraf/go-api-example/handlers/users.go:143.47,146.3 2 0
github.com/dazraf/go-api-example/handlers/users.go:148.2,148.32 1 1
github.com/dazraf/go-api-example/store/memory.go:16.44,21.2 1 1
github.com/dazraf/go-api-example/store/memory.go:24.52,29.31 4 1
github.com/dazraf/go-api-example/store/memory.go:29.31,31.3 1 1
github.com/dazraf/go-api-example/store/memory.go:32.2,32.19 1 1
github.com/dazraf/go-api-example/store/memory.go:36.58,41.13 4 1
github.com/dazraf/go-api-example/store/memory.go:41.13,43.3 1 1
github.com/dazraf/go-api-example/store/memory.go:44.2,44.19 1 1
github.com/dazraf/go-api-example/store/memory.go:48.60,56.2 6 1
github.com/dazraf/go-api-example/store/memory.go:59.68,63.39 3 1
github.com/dazraf/go-api-example/store/memory.go:63.39,65.3 1 1
github.com/dazraf/go-api-example/store/memory.go:67.2,69.19 3 1
github.com/dazraf/go-api-example/store/memory.go:73.48,77.39 3 1
github.com/dazraf/go-api-example/store/memory.go:77.39,79.3 1 1
github.com/dazraf/go-api-example/store/memory.go:81.2,82.12 2 1
